(---------------------------------------------------------------------)
(                                                                     )
(    Compose Shapes                                                   )
(                                                                     )
(    Drawing          : ARDUINO UNO R3.brd                            )
(    Software Version : 17.2P028                                      )
(    Date/Time        : Fri Aug 02 12:22:27 2019                      )
(                                                                     )
(---------------------------------------------------------------------)


current class name(BOARD GEOMETRY)
Find smallest gap failed. Be cautious, this may not be an error
Retrieve closedLoop with segments (nil) failed
Get shape struct returns nil
A total of 0 shapes were created.
There are segments remaining which do not form a closed shape based on current gap settings.
Use the "Close Shape" option from the RMB popup to close any shape(s) left open.
current class name(BOARD GEOMETRY)
Retrieve closedLoop with segments (nil) failed
Get shape struct returns nil
A total of 0 shapes were created.
There are segments remaining which do not form a closed shape based on current gap settings.
Use the "Close Shape" option from the RMB popup to close any shape(s) left open.
current class name(BOARD GEOMETRY)
Retrieve closedLoop with segments (nil) failed
Get shape struct returns nil
A total of 0 shapes were created.
There are segments remaining which do not form a closed shape based on current gap settings.
Use the "Close Shape" option from the RMB popup to close any shape(s) left open.
current class name(BOARD GEOMETRY)
Retrieve closedLoop with segments (nil) failed
Get shape struct returns nil
A total of 0 shapes were created.
There are segments remaining which do not form a closed shape based on current gap settings.
Use the "Close Shape" option from the RMB popup to close any shape(s) left open.
current class name(BOARD GEOMETRY)
Get shape struct returns nil
A total of 0 shapes were created.
There are segments remaining which do not form a closed shape based on current gap settings.
Use the "Close Shape" option from the RMB popup to close any shape(s) left open.
current class name(BOARD GEOMETRY)
Get shape struct returns nil
A total of 0 shapes were created.
There are segments remaining which do not form a closed shape based on current gap settings.
Use the "Close Shape" option from the RMB popup to close any shape(s) left open.
current class name(BOARD GEOMETRY)
Get shape struct returns nil
A total of 0 shapes were created.
There are segments remaining which do not form a closed shape based on current gap settings.
Use the "Close Shape" option from the RMB popup to close any shape(s) left open.
current class name(BOARD GEOMETRY)
Get shape struct returns nil
A total of 0 shapes were created.
There are segments remaining which do not form a closed shape based on current gap settings.
Use the "Close Shape" option from the RMB popup to close any shape(s) left open.
current class name(BOARD GEOMETRY)
Get shape struct returns nil
A total of 0 shapes were created.
There are segments remaining which do not form a closed shape based on current gap settings.
Use the "Close Shape" option from the RMB popup to close any shape(s) left open.
current class name(BOARD GEOMETRY)
Get shape struct returns nil
A total of 0 shapes were created.
There are segments remaining which do not form a closed shape based on current gap settings.
Use the "Close Shape" option from the RMB popup to close any shape(s) left open.
current class name(BOARD GEOMETRY)
Get shape struct returns nil
A total of 0 shapes were created.
There are segments remaining which do not form a closed shape based on current gap settings.
Use the "Close Shape" option from the RMB popup to close any shape(s) left open.
current class name(BOARD GEOMETRY)
Get shape struct returns nil
A total of 0 shapes were created.
There are segments remaining which do not form a closed shape based on current gap settings.
Use the "Close Shape" option from the RMB popup to close any shape(s) left open.
current class name(BOARD GEOMETRY)
Find smallest gap failed. Be cautious, this may not be an error
A total of 1 shapes were created.
Find smallest gap failed. Be cautious, this may not be an error
A total of 1 shapes were created.
