# 
# ===============================================================================
#                               Allegro PCB Router                               
# Copyright 1990-2010 Cadence Design Systems, Inc.  All Rights Reserved.
# ===============================================================================
# 
# Software licensed for sale by Cadence Design Systems, Inc.
# Current time = Fri Aug 02 15:29:44 2019
# 
# Allegro PCB Router v17-2-50 made 2016/03/28 at 15:56:36
# Running on: user-pc, OS Version: WindowsNT 6.1.7601, Architecture: Intel Pentium II, III, or 4
# Licensing: The program will not obey any unlicensed rules
# No graphics will be displayed.
# Design Name C:/Users/user/Desktop/arduino-uno-master (2)/arduino-uno-master/arduino-uno-master/allegro\ARDUINO_UNO_R3.dsn
# Batch File Name: pasde.do
# Did File Name: C:/Users/user/Desktop/arduino-uno-master (2)/arduino-uno-master/arduino-uno-master/allegro/specctra.did
# Current time = Fri Aug 02 15:29:46 2019
# PCB C:/Users/user/Desktop/arduino-uno-master (2)/arduino-uno-master/arduino-uno-master/allegro
# <<ERROR:>> Error in file C:/Users/user/Desktop/arduino-uno-master (2)/arduino-uno-master/arduino-uno-master/allegro\ARDUINO_UNO_R3.dsn, line 2: token 3 = 2
# (content): C:/Users/user/Desktop/arduino-uno-master (2)/arduino-uno-master/arduino-uno-master/allegro/ARDUINO_UNO_R3.brd
